2025-06-20T18:56:40.997+03:00  INFO 15144 --- [demo] [restartedMain] r.k.s.b.demo.DemoApplication             : Starting DemoApplication using Java 21.0.6 with PID 15144 (C:\Users\Daniil\Downloads\demo\target\classes started by Daniil in C:\Users\Daniil\Downloads\demo)
2025-06-20T18:56:41.004+03:00 DEBUG 15144 --- [demo] [restartedMain] r.k.s.b.demo.DemoApplication             : Running with Spring Boot v3.4.5, Spring v6.2.6
2025-06-20T18:56:41.006+03:00  INFO 15144 --- [demo] [restartedMain] r.k.s.b.demo.DemoApplication             : No active profile set, falling back to 1 default profile: "default"
2025-06-20T18:56:41.093+03:00  INFO 15144 --- [demo] [restartedMain] .e.DevToolsPropertyDefaultsPostProcessor : Devtools property defaults active! Set 'spring.devtools.add-properties' to 'false' to disable
2025-06-20T18:56:41.093+03:00  INFO 15144 --- [demo] [restartedMain] .e.DevToolsPropertyDefaultsPostProcessor : For additional web related logging consider setting the 'logging.level.web' property to 'DEBUG'
2025-06-20T18:56:42.509+03:00  INFO 15144 --- [demo] [restartedMain] .s.d.r.c.RepositoryConfigurationDelegate : Bootstrapping Spring Data JPA repositories in DEFAULT mode.
2025-06-20T18:56:42.615+03:00  INFO 15144 --- [demo] [restartedMain] .s.d.r.c.RepositoryConfigurationDelegate : Finished Spring Data repository scanning in 90 ms. Found 2 JPA repository interfaces.
2025-06-20T18:56:43.540+03:00  INFO 15144 --- [demo] [restartedMain] o.s.b.w.embedded.tomcat.TomcatWebServer  : Tomcat initialized with port 8080 (http)
2025-06-20T18:56:43.563+03:00  INFO 15144 --- [demo] [restartedMain] o.apache.catalina.core.StandardService   : Starting service [Tomcat]
2025-06-20T18:56:43.563+03:00  INFO 15144 --- [demo] [restartedMain] o.apache.catalina.core.StandardEngine    : Starting Servlet engine: [Apache Tomcat/10.1.40]
2025-06-20T18:56:43.644+03:00  INFO 15144 --- [demo] [restartedMain] o.a.c.c.C.[Tomcat].[localhost].[/]       : Initializing Spring embedded WebApplicationContext
2025-06-20T18:56:43.644+03:00  INFO 15144 --- [demo] [restartedMain] w.s.c.ServletWebServerApplicationContext : Root WebApplicationContext: initialization completed in 2550 ms
2025-06-20T18:56:43.959+03:00  INFO 15144 --- [demo] [restartedMain] o.hibernate.jpa.internal.util.LogHelper  : HHH000204: Processing PersistenceUnitInfo [name: default]
2025-06-20T18:56:44.061+03:00  INFO 15144 --- [demo] [restartedMain] org.hibernate.Version                    : HHH000412: Hibernate ORM core version 6.6.13.Final
2025-06-20T18:56:44.133+03:00  INFO 15144 --- [demo] [restartedMain] o.h.c.internal.RegionFactoryInitiator    : HHH000026: Second-level cache disabled
2025-06-20T18:56:44.576+03:00  INFO 15144 --- [demo] [restartedMain] o.s.o.j.p.SpringPersistenceUnitInfo      : No LoadTimeWeaver setup: ignoring JPA class transformer
2025-06-20T18:56:44.625+03:00  INFO 15144 --- [demo] [restartedMain] com.zaxxer.hikari.HikariDataSource       : HikariPool-1 - Starting...
2025-06-20T18:56:45.257+03:00  INFO 15144 --- [demo] [restartedMain] com.zaxxer.hikari.pool.HikariPool        : HikariPool-1 - Added connection com.mysql.cj.jdbc.ConnectionImpl@6998457
2025-06-20T18:56:45.260+03:00  INFO 15144 --- [demo] [restartedMain] com.zaxxer.hikari.HikariDataSource       : HikariPool-1 - Start completed.
2025-06-20T18:56:45.403+03:00  INFO 15144 --- [demo] [restartedMain] org.hibernate.orm.connections.pooling    : HHH10001005: Database info:
	Database JDBC URL [Connecting through datasource 'HikariDataSource (HikariPool-1)']
	Database driver: undefined/unknown
	Database version: 8.0.41
	Autocommit mode: undefined/unknown
	Isolation level: undefined/unknown
	Minimum pool size: undefined/unknown
	Maximum pool size: undefined/unknown
2025-06-20T18:56:46.882+03:00  INFO 15144 --- [demo] [restartedMain] o.h.e.t.j.p.i.JtaPlatformInitiator       : HHH000489: No JTA platform available (set 'hibernate.transaction.jta.platform' to enable JTA platform integration)
2025-06-20T18:56:47.009+03:00  INFO 15144 --- [demo] [restartedMain] j.LocalContainerEntityManagerFactoryBean : Initialized JPA EntityManagerFactory for persistence unit 'default'
2025-06-20T18:56:47.604+03:00  INFO 15144 --- [demo] [restartedMain] o.s.d.j.r.query.QueryEnhancerFactory     : Hibernate is in classpath; If applicable, HQL parser will be used.
2025-06-20T18:56:48.527+03:00  WARN 15144 --- [demo] [restartedMain] JpaBaseConfiguration$JpaWebConfiguration : spring.jpa.open-in-view is enabled by default. Therefore, database queries may be performed during view rendering. Explicitly configure spring.jpa.open-in-view to disable this warning
2025-06-20T18:56:48.560+03:00  INFO 15144 --- [demo] [restartedMain] r$InitializeUserDetailsManagerConfigurer : Global AuthenticationManager configured with UserDetailsService bean with name userDetailsServiceImpl
2025-06-20T18:56:48.791+03:00 DEBUG 15144 --- [demo] [restartedMain] s.w.s.m.m.a.RequestMappingHandlerMapping : 12 mappings in 'requestMappingHandlerMapping'
2025-06-20T18:56:48.916+03:00 DEBUG 15144 --- [demo] [restartedMain] o.s.w.s.handler.SimpleUrlHandlerMapping  : Patterns [/webjars/**, /**] in 'resourceHandlerMapping'
2025-06-20T18:56:49.006+03:00 DEBUG 15144 --- [demo] [restartedMain] o.s.s.web.DefaultSecurityFilterChain     : Will secure any request with filters: DisableEncodeUrlFilter, WebAsyncManagerIntegrationFilter, SecurityContextHolderFilter, HeaderWriterFilter, LogoutFilter, UsernamePasswordAuthenticationFilter, RequestCacheAwareFilter, SecurityContextHolderAwareRequestFilter, AnonymousAuthenticationFilter, ExceptionTranslationFilter, AuthorizationFilter
2025-06-20T18:56:49.122+03:00 DEBUG 15144 --- [demo] [restartedMain] s.w.s.m.m.a.RequestMappingHandlerAdapter : ControllerAdvice beans: 0 @ModelAttribute, 0 @InitBinder, 1 RequestBodyAdvice, 1 ResponseBodyAdvice
2025-06-20T18:56:49.241+03:00 DEBUG 15144 --- [demo] [restartedMain] .m.m.a.ExceptionHandlerExceptionResolver : ControllerAdvice beans: 0 @ExceptionHandler, 1 ResponseBodyAdvice
2025-06-20T18:56:49.402+03:00  INFO 15144 --- [demo] [restartedMain] o.s.b.d.a.OptionalLiveReloadServer       : LiveReload server is running on port 35729
2025-06-20T18:56:49.463+03:00  INFO 15144 --- [demo] [restartedMain] o.s.b.w.embedded.tomcat.TomcatWebServer  : Tomcat started on port 8080 (http) with context path '/'
2025-06-20T18:56:49.477+03:00  INFO 15144 --- [demo] [restartedMain] r.k.s.b.demo.DemoApplication             : Started DemoApplication in 9.237 seconds (process running for 15.6)
2025-06-20T18:56:58.321+03:00  INFO 15144 --- [demo] [http-nio-8080-exec-1] o.a.c.c.C.[Tomcat].[localhost].[/]       : Initializing Spring DispatcherServlet 'dispatcherServlet'
2025-06-20T18:56:58.321+03:00  INFO 15144 --- [demo] [http-nio-8080-exec-1] o.s.web.servlet.DispatcherServlet        : Initializing Servlet 'dispatcherServlet'
2025-06-20T18:56:58.321+03:00 DEBUG 15144 --- [demo] [http-nio-8080-exec-1] o.s.web.servlet.DispatcherServlet        : Detected StandardServletMultipartResolver
2025-06-20T18:56:58.322+03:00 DEBUG 15144 --- [demo] [http-nio-8080-exec-1] o.s.web.servlet.DispatcherServlet        : Detected AcceptHeaderLocaleResolver
2025-06-20T18:56:58.322+03:00 DEBUG 15144 --- [demo] [http-nio-8080-exec-1] o.s.web.servlet.DispatcherServlet        : Detected FixedThemeResolver
2025-06-20T18:56:58.323+03:00 DEBUG 15144 --- [demo] [http-nio-8080-exec-1] o.s.web.servlet.DispatcherServlet        : Detected org.springframework.web.servlet.view.DefaultRequestToViewNameTranslator@602de087
2025-06-20T18:56:58.324+03:00 DEBUG 15144 --- [demo] [http-nio-8080-exec-1] o.s.web.servlet.DispatcherServlet        : Detected org.springframework.web.servlet.support.SessionFlashMapManager@1ae7e802
2025-06-20T18:56:58.325+03:00 DEBUG 15144 --- [demo] [http-nio-8080-exec-1] o.s.web.servlet.DispatcherServlet        : enableLoggingRequestDetails='false': request parameters and headers will be masked to prevent unsafe logging of potentially sensitive data
2025-06-20T18:56:58.325+03:00  INFO 15144 --- [demo] [http-nio-8080-exec-1] o.s.web.servlet.DispatcherServlet        : Completed initialization in 4 ms
2025-06-20T18:56:58.351+03:00 DEBUG 15144 --- [demo] [http-nio-8080-exec-1] o.s.security.web.FilterChainProxy        : Securing GET /view/login
2025-06-20T18:56:58.362+03:00 DEBUG 15144 --- [demo] [http-nio-8080-exec-1] o.s.security.web.FilterChainProxy        : Secured GET /view/login
2025-06-20T18:56:58.365+03:00 DEBUG 15144 --- [demo] [http-nio-8080-exec-1] o.s.web.servlet.DispatcherServlet        : GET "/view/login", parameters={}
2025-06-20T18:56:58.367+03:00 DEBUG 15144 --- [demo] [http-nio-8080-exec-1] s.w.s.m.m.a.RequestMappingHandlerMapping : Mapped to ru.kata.spring.boot_security.demo.controller.AppController#login()
2025-06-20T18:56:58.386+03:00 DEBUG 15144 --- [demo] [http-nio-8080-exec-1] o.s.w.s.v.ContentNegotiatingViewResolver : Selected 'text/html' given [text/html, application/xhtml+xml, image/avif, image/webp, image/apng, application/xml;q=0.9, */*;q=0.8, application/signed-exchange;v=b3;q=0.7]
2025-06-20T18:56:58.772+03:00 DEBUG 15144 --- [demo] [http-nio-8080-exec-1] o.s.web.servlet.DispatcherServlet        : Completed 200 OK
2025-06-20T18:56:58.774+03:00 DEBUG 15144 --- [demo] [http-nio-8080-exec-1] o.s.s.w.a.AnonymousAuthenticationFilter  : Set SecurityContextHolder to anonymous SecurityContext
2025-06-20T18:56:59.025+03:00 DEBUG 15144 --- [demo] [http-nio-8080-exec-2] o.s.security.web.FilterChainProxy        : Securing GET /favicon.ico
2025-06-20T18:56:59.028+03:00 DEBUG 15144 --- [demo] [http-nio-8080-exec-2] o.s.s.w.a.AnonymousAuthenticationFilter  : Set SecurityContextHolder to anonymous SecurityContext
2025-06-20T18:56:59.032+03:00 DEBUG 15144 --- [demo] [http-nio-8080-exec-2] o.s.s.web.DefaultRedirectStrategy        : Redirecting to http://localhost:8080/view/login
2025-06-20T18:56:59.055+03:00 DEBUG 15144 --- [demo] [http-nio-8080-exec-3] o.s.security.web.FilterChainProxy        : Securing GET /view/login
2025-06-20T18:56:59.055+03:00 DEBUG 15144 --- [demo] [http-nio-8080-exec-3] o.s.security.web.FilterChainProxy        : Secured GET /view/login
2025-06-20T18:56:59.055+03:00 DEBUG 15144 --- [demo] [http-nio-8080-exec-3] o.s.web.servlet.DispatcherServlet        : GET "/view/login", parameters={}
2025-06-20T18:56:59.055+03:00 DEBUG 15144 --- [demo] [http-nio-8080-exec-3] s.w.s.m.m.a.RequestMappingHandlerMapping : Mapped to ru.kata.spring.boot_security.demo.controller.AppController#login()
2025-06-20T18:56:59.060+03:00 DEBUG 15144 --- [demo] [http-nio-8080-exec-3] o.s.w.s.v.ContentNegotiatingViewResolver : Selected '*/*' given [image/avif, image/webp, image/apng, image/svg+xml, image/*, */*;q=0.8]
2025-06-20T18:56:59.065+03:00 DEBUG 15144 --- [demo] [http-nio-8080-exec-3] o.s.web.servlet.DispatcherServlet        : Completed 200 OK
2025-06-20T18:56:59.066+03:00 DEBUG 15144 --- [demo] [http-nio-8080-exec-3] o.s.s.w.a.AnonymousAuthenticationFilter  : Set SecurityContextHolder to anonymous SecurityContext
2025-06-20T18:57:13.212+03:00 DEBUG 15144 --- [demo] [http-nio-8080-exec-4] o.s.security.web.FilterChainProxy        : Securing POST /login
2025-06-20T18:57:13.464+03:00 DEBUG 15144 --- [demo] [http-nio-8080-exec-4] o.s.s.a.dao.DaoAuthenticationProvider    : Authenticated user
2025-06-20T18:57:13.472+03:00 DEBUG 15144 --- [demo] [http-nio-8080-exec-4] w.c.HttpSessionSecurityContextRepository : Stored SecurityContextImpl [Authentication=UsernamePasswordAuthenticationToken [Principal=ru.kata.spring.boot_security.demo.entity.User@2257b4e1, Credentials=[PROTECTED], Authenticated=true, Details=WebAuthenticationDetails [RemoteIpAddress=0:0:0:0:0:0:0:1, SessionId=null], Granted Authorities=[ru.kata.spring.boot_security.demo.entity.Role@4fc00d43]]] to HttpSession [org.apache.catalina.session.StandardSessionFacade@77f3476e]
2025-06-20T18:57:13.472+03:00 DEBUG 15144 --- [demo] [http-nio-8080-exec-4] w.a.UsernamePasswordAuthenticationFilter : Set SecurityContextHolder to UsernamePasswordAuthenticationToken [Principal=ru.kata.spring.boot_security.demo.entity.User@2257b4e1, Credentials=[PROTECTED], Authenticated=true, Details=WebAuthenticationDetails [RemoteIpAddress=0:0:0:0:0:0:0:1, SessionId=null], Granted Authorities=[ru.kata.spring.boot_security.demo.entity.Role@4fc00d43]]
2025-06-20T18:57:13.472+03:00 DEBUG 15144 --- [demo] [http-nio-8080-exec-4] o.s.s.web.DefaultRedirectStrategy        : Redirecting to /view/dashboard
2025-06-20T18:57:13.489+03:00 DEBUG 15144 --- [demo] [http-nio-8080-exec-5] o.s.security.web.FilterChainProxy        : Securing GET /view/dashboard
2025-06-20T18:57:13.491+03:00 DEBUG 15144 --- [demo] [http-nio-8080-exec-5] w.c.HttpSessionSecurityContextRepository : Retrieved SecurityContextImpl [Authentication=UsernamePasswordAuthenticationToken [Principal=ru.kata.spring.boot_security.demo.entity.User@2257b4e1, Credentials=[PROTECTED], Authenticated=true, Details=WebAuthenticationDetails [RemoteIpAddress=0:0:0:0:0:0:0:1, SessionId=null], Granted Authorities=[ru.kata.spring.boot_security.demo.entity.Role@4fc00d43]]]
2025-06-20T18:57:13.491+03:00 DEBUG 15144 --- [demo] [http-nio-8080-exec-5] o.s.security.web.FilterChainProxy        : Secured GET /view/dashboard
2025-06-20T18:57:13.491+03:00 DEBUG 15144 --- [demo] [http-nio-8080-exec-5] o.s.web.servlet.DispatcherServlet        : GET "/view/dashboard", parameters={}
2025-06-20T18:57:13.491+03:00 DEBUG 15144 --- [demo] [http-nio-8080-exec-5] s.w.s.m.m.a.RequestMappingHandlerMapping : Mapped to ru.kata.spring.boot_security.demo.controller.AppController#doAvtorisation(Authentication, Model)
2025-06-20T18:57:13.530+03:00 DEBUG 15144 --- [demo] [http-nio-8080-exec-5] o.s.w.s.v.ContentNegotiatingViewResolver : Selected 'text/html' given [text/html, application/xhtml+xml, image/avif, image/webp, image/apng, application/xml;q=0.9, */*;q=0.8, application/signed-exchange;v=b3;q=0.7]
2025-06-20T18:57:13.648+03:00 DEBUG 15144 --- [demo] [http-nio-8080-exec-5] o.s.web.servlet.DispatcherServlet        : Completed 200 OK
2025-06-20T18:57:13.708+03:00 DEBUG 15144 --- [demo] [http-nio-8080-exec-6] o.s.security.web.FilterChainProxy        : Securing GET /js/common-dashboard.js
2025-06-20T18:57:13.709+03:00 DEBUG 15144 --- [demo] [http-nio-8080-exec-6] w.c.HttpSessionSecurityContextRepository : Retrieved SecurityContextImpl [Authentication=UsernamePasswordAuthenticationToken [Principal=ru.kata.spring.boot_security.demo.entity.User@2257b4e1, Credentials=[PROTECTED], Authenticated=true, Details=WebAuthenticationDetails [RemoteIpAddress=0:0:0:0:0:0:0:1, SessionId=null], Granted Authorities=[ru.kata.spring.boot_security.demo.entity.Role@4fc00d43]]]
2025-06-20T18:57:13.711+03:00 DEBUG 15144 --- [demo] [http-nio-8080-exec-6] o.s.security.web.FilterChainProxy        : Secured GET /js/common-dashboard.js
2025-06-20T18:57:13.711+03:00 DEBUG 15144 --- [demo] [http-nio-8080-exec-6] o.s.web.servlet.DispatcherServlet        : GET "/js/common-dashboard.js", parameters={}
2025-06-20T18:57:13.713+03:00 DEBUG 15144 --- [demo] [http-nio-8080-exec-6] o.s.w.s.handler.SimpleUrlHandlerMapping  : Mapped to ResourceHttpRequestHandler [classpath [META-INF/resources/], classpath [resources/], classpath [static/], classpath [public/], ServletContext [/]]
2025-06-20T18:57:13.772+03:00 DEBUG 15144 --- [demo] [http-nio-8080-exec-6] o.s.web.servlet.DispatcherServlet        : Completed 200 OK
2025-06-20T18:57:13.951+03:00 DEBUG 15144 --- [demo] [http-nio-8080-exec-7] o.s.security.web.FilterChainProxy        : Securing GET /favicon.ico
2025-06-20T18:57:13.951+03:00 DEBUG 15144 --- [demo] [http-nio-8080-exec-7] w.c.HttpSessionSecurityContextRepository : Retrieved SecurityContextImpl [Authentication=UsernamePasswordAuthenticationToken [Principal=ru.kata.spring.boot_security.demo.entity.User@2257b4e1, Credentials=[PROTECTED], Authenticated=true, Details=WebAuthenticationDetails [RemoteIpAddress=0:0:0:0:0:0:0:1, SessionId=null], Granted Authorities=[ru.kata.spring.boot_security.demo.entity.Role@4fc00d43]]]
2025-06-20T18:57:13.951+03:00 DEBUG 15144 --- [demo] [http-nio-8080-exec-7] o.s.security.web.FilterChainProxy        : Secured GET /favicon.ico
2025-06-20T18:57:13.951+03:00 DEBUG 15144 --- [demo] [http-nio-8080-exec-7] o.s.web.servlet.DispatcherServlet        : GET "/favicon.ico", parameters={}
2025-06-20T18:57:13.956+03:00 DEBUG 15144 --- [demo] [http-nio-8080-exec-7] o.s.w.s.handler.SimpleUrlHandlerMapping  : Mapped to ResourceHttpRequestHandler [classpath [META-INF/resources/], classpath [resources/], classpath [static/], classpath [public/], ServletContext [/]]
2025-06-20T18:57:13.960+03:00 DEBUG 15144 --- [demo] [http-nio-8080-exec-7] o.s.w.s.r.ResourceHttpRequestHandler     : Resource not found
2025-06-20T18:57:13.969+03:00 DEBUG 15144 --- [demo] [http-nio-8080-exec-7] .w.s.m.s.DefaultHandlerExceptionResolver : Resolved [org.springframework.web.servlet.resource.NoResourceFoundException: No static resource favicon.ico.]
2025-06-20T18:57:13.970+03:00 DEBUG 15144 --- [demo] [http-nio-8080-exec-7] o.s.web.servlet.DispatcherServlet        : Completed 404 NOT_FOUND
2025-06-20T18:57:13.988+03:00 DEBUG 15144 --- [demo] [http-nio-8080-exec-7] o.s.security.web.FilterChainProxy        : Securing GET /error
2025-06-20T18:57:13.989+03:00 DEBUG 15144 --- [demo] [http-nio-8080-exec-7] w.c.HttpSessionSecurityContextRepository : Retrieved SecurityContextImpl [Authentication=UsernamePasswordAuthenticationToken [Principal=ru.kata.spring.boot_security.demo.entity.User@2257b4e1, Credentials=[PROTECTED], Authenticated=true, Details=WebAuthenticationDetails [RemoteIpAddress=0:0:0:0:0:0:0:1, SessionId=null], Granted Authorities=[ru.kata.spring.boot_security.demo.entity.Role@4fc00d43]]]
2025-06-20T18:57:13.989+03:00 DEBUG 15144 --- [demo] [http-nio-8080-exec-7] o.s.security.web.FilterChainProxy        : Secured GET /error
2025-06-20T18:57:13.990+03:00 DEBUG 15144 --- [demo] [http-nio-8080-exec-7] o.s.web.servlet.DispatcherServlet        : "ERROR" dispatch for GET "/error", parameters={}
2025-06-20T18:57:13.991+03:00 DEBUG 15144 --- [demo] [http-nio-8080-exec-7] s.w.s.m.m.a.RequestMappingHandlerMapping : Mapped to org.springframework.boot.autoconfigure.web.servlet.error.BasicErrorController#error(HttpServletRequest)
2025-06-20T18:57:14.021+03:00 DEBUG 15144 --- [demo] [http-nio-8080-exec-7] o.s.w.s.m.m.a.HttpEntityMethodProcessor  : Using 'application/json;q=0.8', given [image/avif, image/webp, image/apng, image/svg+xml, image/*, */*;q=0.8] and supported [application/json, application/*+json]
2025-06-20T18:57:14.023+03:00 DEBUG 15144 --- [demo] [http-nio-8080-exec-7] o.s.w.s.m.m.a.HttpEntityMethodProcessor  : Writing [{timestamp=Fri Jun 20 18:57:13 MSK 2025, status=404, error=Not Found, trace=org.springframework.web. (truncated)...]
2025-06-20T18:57:14.079+03:00 DEBUG 15144 --- [demo] [http-nio-8080-exec-7] o.s.web.servlet.DispatcherServlet        : Exiting from "ERROR" dispatch, status 404
2025-06-20T18:57:21.937+03:00 DEBUG 15144 --- [demo] [http-nio-8080-exec-8] o.s.security.web.FilterChainProxy        : Securing PUT /api/admin/edit
2025-06-20T18:57:21.937+03:00 DEBUG 15144 --- [demo] [http-nio-8080-exec-8] w.c.HttpSessionSecurityContextRepository : Retrieved SecurityContextImpl [Authentication=UsernamePasswordAuthenticationToken [Principal=ru.kata.spring.boot_security.demo.entity.User@2257b4e1, Credentials=[PROTECTED], Authenticated=true, Details=WebAuthenticationDetails [RemoteIpAddress=0:0:0:0:0:0:0:1, SessionId=null], Granted Authorities=[ru.kata.spring.boot_security.demo.entity.Role@4fc00d43]]]
2025-06-20T18:57:21.939+03:00 DEBUG 15144 --- [demo] [http-nio-8080-exec-8] o.s.security.web.FilterChainProxy        : Secured PUT /api/admin/edit
2025-06-20T18:57:21.939+03:00 DEBUG 15144 --- [demo] [http-nio-8080-exec-8] o.s.web.servlet.DispatcherServlet        : PUT "/api/admin/edit", parameters={}
2025-06-20T18:57:21.939+03:00 DEBUG 15144 --- [demo] [http-nio-8080-exec-8] s.w.s.m.m.a.RequestMappingHandlerMapping : Mapped to ru.kata.spring.boot_security.demo.controller.AppRestController#updateUser(UserResponseDTO)
2025-06-20T18:57:21.996+03:00 DEBUG 15144 --- [demo] [http-nio-8080-exec-8] m.m.a.RequestResponseBodyMethodProcessor : Read "application/json;charset=UTF-8" to [UserResponseDTO(id=7, username=максим, lastName=горчаков, email=gorch@gmail.com, age=26, roles=[])]
2025-06-20T18:57:22.405+03:00 DEBUG 15144 --- [demo] [http-nio-8080-exec-8] o.s.w.s.m.m.a.HttpEntityMethodProcessor  : Using 'text/plain', given [*/*] and supported [text/plain, */*, application/json, application/*+json]
2025-06-20T18:57:22.405+03:00 DEBUG 15144 --- [demo] [http-nio-8080-exec-8] o.s.w.s.m.m.a.HttpEntityMethodProcessor  : Writing ["Пользователь обновлен"]
2025-06-20T18:57:22.407+03:00 DEBUG 15144 --- [demo] [http-nio-8080-exec-8] o.s.web.servlet.DispatcherServlet        : Completed 200 OK
2025-06-20T18:57:22.431+03:00 DEBUG 15144 --- [demo] [http-nio-8080-exec-9] o.s.security.web.FilterChainProxy        : Securing GET /view/dashboard
2025-06-20T18:57:22.431+03:00 DEBUG 15144 --- [demo] [http-nio-8080-exec-9] w.c.HttpSessionSecurityContextRepository : Retrieved SecurityContextImpl [Authentication=UsernamePasswordAuthenticationToken [Principal=ru.kata.spring.boot_security.demo.entity.User@2257b4e1, Credentials=[PROTECTED], Authenticated=true, Details=WebAuthenticationDetails [RemoteIpAddress=0:0:0:0:0:0:0:1, SessionId=null], Granted Authorities=[ru.kata.spring.boot_security.demo.entity.Role@4fc00d43]]]
2025-06-20T18:57:22.431+03:00 DEBUG 15144 --- [demo] [http-nio-8080-exec-9] o.s.security.web.FilterChainProxy        : Secured GET /view/dashboard
2025-06-20T18:57:22.431+03:00 DEBUG 15144 --- [demo] [http-nio-8080-exec-9] o.s.web.servlet.DispatcherServlet        : GET "/view/dashboard", parameters={}
2025-06-20T18:57:22.431+03:00 DEBUG 15144 --- [demo] [http-nio-8080-exec-9] s.w.s.m.m.a.RequestMappingHandlerMapping : Mapped to ru.kata.spring.boot_security.demo.controller.AppController#doAvtorisation(Authentication, Model)
2025-06-20T18:57:22.444+03:00 DEBUG 15144 --- [demo] [http-nio-8080-exec-9] o.s.w.s.v.ContentNegotiatingViewResolver : Selected 'text/html' given [text/html, application/xhtml+xml, image/avif, image/webp, image/apng, application/xml;q=0.9, */*;q=0.8, application/signed-exchange;v=b3;q=0.7]
2025-06-20T18:57:22.482+03:00 DEBUG 15144 --- [demo] [http-nio-8080-exec-9] o.s.web.servlet.DispatcherServlet        : Completed 200 OK
2025-06-20T18:57:22.525+03:00 DEBUG 15144 --- [demo] [http-nio-8080-exec-10] o.s.security.web.FilterChainProxy        : Securing GET /js/common-dashboard.js
2025-06-20T18:57:22.526+03:00 DEBUG 15144 --- [demo] [http-nio-8080-exec-10] w.c.HttpSessionSecurityContextRepository : Retrieved SecurityContextImpl [Authentication=UsernamePasswordAuthenticationToken [Principal=ru.kata.spring.boot_security.demo.entity.User@2257b4e1, Credentials=[PROTECTED], Authenticated=true, Details=WebAuthenticationDetails [RemoteIpAddress=0:0:0:0:0:0:0:1, SessionId=null], Granted Authorities=[ru.kata.spring.boot_security.demo.entity.Role@4fc00d43]]]
2025-06-20T18:57:22.526+03:00 DEBUG 15144 --- [demo] [http-nio-8080-exec-10] o.s.security.web.FilterChainProxy        : Secured GET /js/common-dashboard.js
2025-06-20T18:57:22.528+03:00 DEBUG 15144 --- [demo] [http-nio-8080-exec-10] o.s.web.servlet.DispatcherServlet        : GET "/js/common-dashboard.js", parameters={}
2025-06-20T18:57:22.530+03:00 DEBUG 15144 --- [demo] [http-nio-8080-exec-10] o.s.w.s.handler.SimpleUrlHandlerMapping  : Mapped to ResourceHttpRequestHandler [classpath [META-INF/resources/], classpath [resources/], classpath [static/], classpath [public/], ServletContext [/]]
2025-06-20T18:57:22.536+03:00 DEBUG 15144 --- [demo] [http-nio-8080-exec-10] o.s.web.servlet.DispatcherServlet        : Completed 200 OK
2025-06-20T18:57:32.692+03:00 DEBUG 15144 --- [demo] [http-nio-8080-exec-1] o.s.security.web.FilterChainProxy        : Securing POST /api/admin/change-password
2025-06-20T18:57:32.693+03:00 DEBUG 15144 --- [demo] [http-nio-8080-exec-1] w.c.HttpSessionSecurityContextRepository : Retrieved SecurityContextImpl [Authentication=UsernamePasswordAuthenticationToken [Principal=ru.kata.spring.boot_security.demo.entity.User@2257b4e1, Credentials=[PROTECTED], Authenticated=true, Details=WebAuthenticationDetails [RemoteIpAddress=0:0:0:0:0:0:0:1, SessionId=null], Granted Authorities=[ru.kata.spring.boot_security.demo.entity.Role@4fc00d43]]]
2025-06-20T18:57:32.693+03:00 DEBUG 15144 --- [demo] [http-nio-8080-exec-1] o.s.security.web.FilterChainProxy        : Secured POST /api/admin/change-password
2025-06-20T18:57:32.693+03:00 DEBUG 15144 --- [demo] [http-nio-8080-exec-1] o.s.web.servlet.DispatcherServlet        : POST "/api/admin/change-password", parameters={}
2025-06-20T18:57:32.695+03:00 DEBUG 15144 --- [demo] [http-nio-8080-exec-1] s.w.s.m.m.a.RequestMappingHandlerMapping : Mapped to ru.kata.spring.boot_security.demo.controller.AppRestController#changePassword(ChangePasswordDTO)
2025-06-20T18:57:32.699+03:00 DEBUG 15144 --- [demo] [http-nio-8080-exec-1] m.m.a.RequestResponseBodyMethodProcessor : Read "application/json;charset=UTF-8" to [ChangePasswordDTO(UserId=7, newPassword=123456)]
2025-06-20T18:57:32.950+03:00 DEBUG 15144 --- [demo] [http-nio-8080-exec-1] o.s.w.s.m.m.a.HttpEntityMethodProcessor  : Using 'application/octet-stream', given [*/*] and supported [*/*]
2025-06-20T18:57:32.950+03:00 DEBUG 15144 --- [demo] [http-nio-8080-exec-1] o.s.web.servlet.DispatcherServlet        : Completed 200 OK
2025-06-20T18:57:59.971+03:00 DEBUG 15144 --- [demo] [http-nio-8080-exec-3] o.s.security.web.FilterChainProxy        : Securing POST /api/admin/new
2025-06-20T18:57:59.971+03:00 DEBUG 15144 --- [demo] [http-nio-8080-exec-3] w.c.HttpSessionSecurityContextRepository : Retrieved SecurityContextImpl [Authentication=UsernamePasswordAuthenticationToken [Principal=ru.kata.spring.boot_security.demo.entity.User@2257b4e1, Credentials=[PROTECTED], Authenticated=true, Details=WebAuthenticationDetails [RemoteIpAddress=0:0:0:0:0:0:0:1, SessionId=null], Granted Authorities=[ru.kata.spring.boot_security.demo.entity.Role@4fc00d43]]]
2025-06-20T18:57:59.971+03:00 DEBUG 15144 --- [demo] [http-nio-8080-exec-3] o.s.security.web.FilterChainProxy        : Secured POST /api/admin/new
2025-06-20T18:57:59.971+03:00 DEBUG 15144 --- [demo] [http-nio-8080-exec-3] o.s.web.servlet.DispatcherServlet        : POST "/api/admin/new", parameters={}
2025-06-20T18:57:59.973+03:00 DEBUG 15144 --- [demo] [http-nio-8080-exec-3] s.w.s.m.m.a.RequestMappingHandlerMapping : Mapped to ru.kata.spring.boot_security.demo.controller.AppRestController#createUser(UserRequestDTO)
2025-06-20T18:57:59.981+03:00 DEBUG 15144 --- [demo] [http-nio-8080-exec-3] m.m.a.RequestResponseBodyMethodProcessor : Read "application/json;charset=UTF-8" to [UserRequestDTO(username=asd, lastName=asd, email=asd@gmail.com, age=14, roles=[ROLE_USER], password= (truncated)...]
2025-06-20T18:58:00.139+03:00 DEBUG 15144 --- [demo] [http-nio-8080-exec-3] o.s.w.s.m.m.a.HttpEntityMethodProcessor  : Using 'text/plain', given [*/*] and supported [text/plain, */*, application/json, application/*+json]
2025-06-20T18:58:00.139+03:00 DEBUG 15144 --- [demo] [http-nio-8080-exec-3] o.s.w.s.m.m.a.HttpEntityMethodProcessor  : Writing ["Информация о пользователе обновлена"]
2025-06-20T18:58:00.142+03:00 DEBUG 15144 --- [demo] [http-nio-8080-exec-3] o.s.web.servlet.DispatcherServlet        : Completed 201 CREATED
2025-06-20T18:58:00.162+03:00 DEBUG 15144 --- [demo] [http-nio-8080-exec-4] o.s.security.web.FilterChainProxy        : Securing GET /view/dashboard
2025-06-20T18:58:00.165+03:00 DEBUG 15144 --- [demo] [http-nio-8080-exec-4] w.c.HttpSessionSecurityContextRepository : Retrieved SecurityContextImpl [Authentication=UsernamePasswordAuthenticationToken [Principal=ru.kata.spring.boot_security.demo.entity.User@2257b4e1, Credentials=[PROTECTED], Authenticated=true, Details=WebAuthenticationDetails [RemoteIpAddress=0:0:0:0:0:0:0:1, SessionId=null], Granted Authorities=[ru.kata.spring.boot_security.demo.entity.Role@4fc00d43]]]
2025-06-20T18:58:00.165+03:00 DEBUG 15144 --- [demo] [http-nio-8080-exec-4] o.s.security.web.FilterChainProxy        : Secured GET /view/dashboard
2025-06-20T18:58:00.165+03:00 DEBUG 15144 --- [demo] [http-nio-8080-exec-4] o.s.web.servlet.DispatcherServlet        : GET "/view/dashboard", parameters={}
2025-06-20T18:58:00.165+03:00 DEBUG 15144 --- [demo] [http-nio-8080-exec-4] s.w.s.m.m.a.RequestMappingHandlerMapping : Mapped to ru.kata.spring.boot_security.demo.controller.AppController#doAvtorisation(Authentication, Model)
2025-06-20T18:58:00.174+03:00 DEBUG 15144 --- [demo] [http-nio-8080-exec-4] o.s.w.s.v.ContentNegotiatingViewResolver : Selected 'text/html' given [text/html, application/xhtml+xml, image/avif, image/webp, image/apng, application/xml;q=0.9, */*;q=0.8, application/signed-exchange;v=b3;q=0.7]
2025-06-20T18:58:00.214+03:00 DEBUG 15144 --- [demo] [http-nio-8080-exec-4] o.s.web.servlet.DispatcherServlet        : Completed 200 OK
2025-06-20T18:58:00.246+03:00 DEBUG 15144 --- [demo] [http-nio-8080-exec-5] o.s.security.web.FilterChainProxy        : Securing GET /js/common-dashboard.js
2025-06-20T18:58:00.247+03:00 DEBUG 15144 --- [demo] [http-nio-8080-exec-5] w.c.HttpSessionSecurityContextRepository : Retrieved SecurityContextImpl [Authentication=UsernamePasswordAuthenticationToken [Principal=ru.kata.spring.boot_security.demo.entity.User@2257b4e1, Credentials=[PROTECTED], Authenticated=true, Details=WebAuthenticationDetails [RemoteIpAddress=0:0:0:0:0:0:0:1, SessionId=null], Granted Authorities=[ru.kata.spring.boot_security.demo.entity.Role@4fc00d43]]]
2025-06-20T18:58:00.247+03:00 DEBUG 15144 --- [demo] [http-nio-8080-exec-5] o.s.security.web.FilterChainProxy        : Secured GET /js/common-dashboard.js
2025-06-20T18:58:00.248+03:00 DEBUG 15144 --- [demo] [http-nio-8080-exec-5] o.s.web.servlet.DispatcherServlet        : GET "/js/common-dashboard.js", parameters={}
2025-06-20T18:58:00.248+03:00 DEBUG 15144 --- [demo] [http-nio-8080-exec-5] o.s.w.s.handler.SimpleUrlHandlerMapping  : Mapped to ResourceHttpRequestHandler [classpath [META-INF/resources/], classpath [resources/], classpath [static/], classpath [public/], ServletContext [/]]
2025-06-20T18:58:00.252+03:00 DEBUG 15144 --- [demo] [http-nio-8080-exec-5] o.s.web.servlet.DispatcherServlet        : Completed 200 OK
2025-06-20T18:58:03.694+03:00 DEBUG 15144 --- [demo] [http-nio-8080-exec-6] o.s.security.web.FilterChainProxy        : Securing DELETE /api/admin/delete/9
2025-06-20T18:58:03.694+03:00 DEBUG 15144 --- [demo] [http-nio-8080-exec-6] w.c.HttpSessionSecurityContextRepository : Retrieved SecurityContextImpl [Authentication=UsernamePasswordAuthenticationToken [Principal=ru.kata.spring.boot_security.demo.entity.User@2257b4e1, Credentials=[PROTECTED], Authenticated=true, Details=WebAuthenticationDetails [RemoteIpAddress=0:0:0:0:0:0:0:1, SessionId=null], Granted Authorities=[ru.kata.spring.boot_security.demo.entity.Role@4fc00d43]]]
2025-06-20T18:58:03.694+03:00 DEBUG 15144 --- [demo] [http-nio-8080-exec-6] o.s.security.web.FilterChainProxy        : Secured DELETE /api/admin/delete/9
2025-06-20T18:58:03.694+03:00 DEBUG 15144 --- [demo] [http-nio-8080-exec-6] o.s.web.servlet.DispatcherServlet        : DELETE "/api/admin/delete/9", parameters={}
2025-06-20T18:58:03.699+03:00 DEBUG 15144 --- [demo] [http-nio-8080-exec-6] s.w.s.m.m.a.RequestMappingHandlerMapping : Mapped to ru.kata.spring.boot_security.demo.controller.AppRestController#deleteUser(Long)
2025-06-20T18:58:03.726+03:00 DEBUG 15144 --- [demo] [http-nio-8080-exec-6] o.s.w.s.m.m.a.HttpEntityMethodProcessor  : Using 'text/plain', given [*/*] and supported [text/plain, */*, application/json, application/*+json]
2025-06-20T18:58:03.726+03:00 DEBUG 15144 --- [demo] [http-nio-8080-exec-6] o.s.w.s.m.m.a.HttpEntityMethodProcessor  : Writing ["Пользователь успешно удален"]
2025-06-20T18:58:03.733+03:00 DEBUG 15144 --- [demo] [http-nio-8080-exec-6] o.s.web.servlet.DispatcherServlet        : Completed 200 OK
2025-06-20T18:58:03.743+03:00 DEBUG 15144 --- [demo] [http-nio-8080-exec-7] o.s.security.web.FilterChainProxy        : Securing GET /view/dashboard
2025-06-20T18:58:03.743+03:00 DEBUG 15144 --- [demo] [http-nio-8080-exec-7] w.c.HttpSessionSecurityContextRepository : Retrieved SecurityContextImpl [Authentication=UsernamePasswordAuthenticationToken [Principal=ru.kata.spring.boot_security.demo.entity.User@2257b4e1, Credentials=[PROTECTED], Authenticated=true, Details=WebAuthenticationDetails [RemoteIpAddress=0:0:0:0:0:0:0:1, SessionId=null], Granted Authorities=[ru.kata.spring.boot_security.demo.entity.Role@4fc00d43]]]
2025-06-20T18:58:03.743+03:00 DEBUG 15144 --- [demo] [http-nio-8080-exec-7] o.s.security.web.FilterChainProxy        : Secured GET /view/dashboard
2025-06-20T18:58:03.746+03:00 DEBUG 15144 --- [demo] [http-nio-8080-exec-7] o.s.web.servlet.DispatcherServlet        : GET "/view/dashboard", parameters={}
2025-06-20T18:58:03.746+03:00 DEBUG 15144 --- [demo] [http-nio-8080-exec-7] s.w.s.m.m.a.RequestMappingHandlerMapping : Mapped to ru.kata.spring.boot_security.demo.controller.AppController#doAvtorisation(Authentication, Model)
2025-06-20T18:58:03.750+03:00 DEBUG 15144 --- [demo] [http-nio-8080-exec-7] o.s.w.s.v.ContentNegotiatingViewResolver : Selected 'text/html' given [text/html, application/xhtml+xml, image/avif, image/webp, image/apng, application/xml;q=0.9, */*;q=0.8, application/signed-exchange;v=b3;q=0.7]
2025-06-20T18:58:03.766+03:00 DEBUG 15144 --- [demo] [http-nio-8080-exec-7] o.s.web.servlet.DispatcherServlet        : Completed 200 OK
2025-06-20T18:58:03.823+03:00 DEBUG 15144 --- [demo] [http-nio-8080-exec-8] o.s.security.web.FilterChainProxy        : Securing GET /js/common-dashboard.js
2025-06-20T18:58:03.823+03:00 DEBUG 15144 --- [demo] [http-nio-8080-exec-8] w.c.HttpSessionSecurityContextRepository : Retrieved SecurityContextImpl [Authentication=UsernamePasswordAuthenticationToken [Principal=ru.kata.spring.boot_security.demo.entity.User@2257b4e1, Credentials=[PROTECTED], Authenticated=true, Details=WebAuthenticationDetails [RemoteIpAddress=0:0:0:0:0:0:0:1, SessionId=null], Granted Authorities=[ru.kata.spring.boot_security.demo.entity.Role@4fc00d43]]]
2025-06-20T18:58:03.823+03:00 DEBUG 15144 --- [demo] [http-nio-8080-exec-8] o.s.security.web.FilterChainProxy        : Secured GET /js/common-dashboard.js
2025-06-20T18:58:03.824+03:00 DEBUG 15144 --- [demo] [http-nio-8080-exec-8] o.s.web.servlet.DispatcherServlet        : GET "/js/common-dashboard.js", parameters={}
2025-06-20T18:58:03.824+03:00 DEBUG 15144 --- [demo] [http-nio-8080-exec-8] o.s.w.s.handler.SimpleUrlHandlerMapping  : Mapped to ResourceHttpRequestHandler [classpath [META-INF/resources/], classpath [resources/], classpath [static/], classpath [public/], ServletContext [/]]
2025-06-20T18:58:03.828+03:00 DEBUG 15144 --- [demo] [http-nio-8080-exec-8] o.s.web.servlet.DispatcherServlet        : Completed 200 OK
2025-06-20T18:58:05.151+03:00 DEBUG 15144 --- [demo] [http-nio-8080-exec-9] o.s.security.web.FilterChainProxy        : Securing GET /view/user
2025-06-20T18:58:05.152+03:00 DEBUG 15144 --- [demo] [http-nio-8080-exec-9] w.c.HttpSessionSecurityContextRepository : Retrieved SecurityContextImpl [Authentication=UsernamePasswordAuthenticationToken [Principal=ru.kata.spring.boot_security.demo.entity.User@2257b4e1, Credentials=[PROTECTED], Authenticated=true, Details=WebAuthenticationDetails [RemoteIpAddress=0:0:0:0:0:0:0:1, SessionId=null], Granted Authorities=[ru.kata.spring.boot_security.demo.entity.Role@4fc00d43]]]
2025-06-20T18:58:05.152+03:00 DEBUG 15144 --- [demo] [http-nio-8080-exec-9] o.s.security.web.FilterChainProxy        : Secured GET /view/user
2025-06-20T18:58:05.152+03:00 DEBUG 15144 --- [demo] [http-nio-8080-exec-9] o.s.web.servlet.DispatcherServlet        : GET "/view/user", parameters={}
2025-06-20T18:58:05.152+03:00 DEBUG 15144 --- [demo] [http-nio-8080-exec-9] s.w.s.m.m.a.RequestMappingHandlerMapping : Mapped to ru.kata.spring.boot_security.demo.controller.AppController#userPage(Authentication, Model)
2025-06-20T18:58:05.160+03:00 DEBUG 15144 --- [demo] [http-nio-8080-exec-9] o.s.w.s.v.ContentNegotiatingViewResolver : Selected 'text/html' given [text/html, application/xhtml+xml, image/avif, image/webp, image/apng, application/xml;q=0.9, */*;q=0.8, application/signed-exchange;v=b3;q=0.7]
2025-06-20T18:58:05.184+03:00 DEBUG 15144 --- [demo] [http-nio-8080-exec-9] o.s.web.servlet.DispatcherServlet        : Completed 200 OK
2025-06-20T18:58:06.359+03:00 DEBUG 15144 --- [demo] [http-nio-8080-exec-10] o.s.security.web.FilterChainProxy        : Securing GET /view/admin
2025-06-20T18:58:06.360+03:00 DEBUG 15144 --- [demo] [http-nio-8080-exec-10] w.c.HttpSessionSecurityContextRepository : Retrieved SecurityContextImpl [Authentication=UsernamePasswordAuthenticationToken [Principal=ru.kata.spring.boot_security.demo.entity.User@2257b4e1, Credentials=[PROTECTED], Authenticated=true, Details=WebAuthenticationDetails [RemoteIpAddress=0:0:0:0:0:0:0:1, SessionId=null], Granted Authorities=[ru.kata.spring.boot_security.demo.entity.Role@4fc00d43]]]
2025-06-20T18:58:06.361+03:00 DEBUG 15144 --- [demo] [http-nio-8080-exec-10] o.s.security.web.FilterChainProxy        : Secured GET /view/admin
2025-06-20T18:58:06.361+03:00 DEBUG 15144 --- [demo] [http-nio-8080-exec-10] o.s.web.servlet.DispatcherServlet        : GET "/view/admin", parameters={}
2025-06-20T18:58:06.361+03:00 DEBUG 15144 --- [demo] [http-nio-8080-exec-10] s.w.s.m.m.a.RequestMappingHandlerMapping : Mapped to ru.kata.spring.boot_security.demo.controller.AppController#adminPage(Authentication, Model)
2025-06-20T18:58:06.374+03:00 DEBUG 15144 --- [demo] [http-nio-8080-exec-10] o.s.w.s.v.ContentNegotiatingViewResolver : Selected 'text/html' given [text/html, application/xhtml+xml, image/avif, image/webp, image/apng, application/xml;q=0.9, */*;q=0.8, application/signed-exchange;v=b3;q=0.7]
2025-06-20T18:58:06.392+03:00 DEBUG 15144 --- [demo] [http-nio-8080-exec-10] o.s.web.servlet.DispatcherServlet        : Completed 200 OK
2025-06-20T18:58:06.449+03:00 DEBUG 15144 --- [demo] [http-nio-8080-exec-1] o.s.security.web.FilterChainProxy        : Securing GET /js/common-dashboard.js
2025-06-20T18:58:06.450+03:00 DEBUG 15144 --- [demo] [http-nio-8080-exec-1] w.c.HttpSessionSecurityContextRepository : Retrieved SecurityContextImpl [Authentication=UsernamePasswordAuthenticationToken [Principal=ru.kata.spring.boot_security.demo.entity.User@2257b4e1, Credentials=[PROTECTED], Authenticated=true, Details=WebAuthenticationDetails [RemoteIpAddress=0:0:0:0:0:0:0:1, SessionId=null], Granted Authorities=[ru.kata.spring.boot_security.demo.entity.Role@4fc00d43]]]
2025-06-20T18:58:06.451+03:00 DEBUG 15144 --- [demo] [http-nio-8080-exec-1] o.s.security.web.FilterChainProxy        : Secured GET /js/common-dashboard.js
2025-06-20T18:58:06.451+03:00 DEBUG 15144 --- [demo] [http-nio-8080-exec-1] o.s.web.servlet.DispatcherServlet        : GET "/js/common-dashboard.js", parameters={}
2025-06-20T18:58:06.452+03:00 DEBUG 15144 --- [demo] [http-nio-8080-exec-1] o.s.w.s.handler.SimpleUrlHandlerMapping  : Mapped to ResourceHttpRequestHandler [classpath [META-INF/resources/], classpath [resources/], classpath [static/], classpath [public/], ServletContext [/]]
2025-06-20T18:58:06.457+03:00 DEBUG 15144 --- [demo] [http-nio-8080-exec-1] o.s.web.servlet.DispatcherServlet        : Completed 200 OK
2025-06-20T18:58:07.870+03:00 DEBUG 15144 --- [demo] [http-nio-8080-exec-2] o.s.security.web.FilterChainProxy        : Securing GET /view/logout?
2025-06-20T18:58:07.870+03:00 DEBUG 15144 --- [demo] [http-nio-8080-exec-2] w.c.HttpSessionSecurityContextRepository : Retrieved SecurityContextImpl [Authentication=UsernamePasswordAuthenticationToken [Principal=ru.kata.spring.boot_security.demo.entity.User@2257b4e1, Credentials=[PROTECTED], Authenticated=true, Details=WebAuthenticationDetails [RemoteIpAddress=0:0:0:0:0:0:0:1, SessionId=null], Granted Authorities=[ru.kata.spring.boot_security.demo.entity.Role@4fc00d43]]]
2025-06-20T18:58:07.873+03:00 DEBUG 15144 --- [demo] [http-nio-8080-exec-2] o.s.security.web.FilterChainProxy        : Secured GET /view/logout?
2025-06-20T18:58:07.873+03:00 DEBUG 15144 --- [demo] [http-nio-8080-exec-2] o.s.web.servlet.DispatcherServlet        : GET "/view/logout", parameters={}
2025-06-20T18:58:07.873+03:00 DEBUG 15144 --- [demo] [http-nio-8080-exec-2] s.w.s.m.m.a.RequestMappingHandlerMapping : Mapped to ru.kata.spring.boot_security.demo.controller.AppController#logout()
2025-06-20T18:58:07.875+03:00 DEBUG 15144 --- [demo] [http-nio-8080-exec-2] o.s.w.s.v.ContentNegotiatingViewResolver : Selected 'text/html' given [text/html, application/xhtml+xml, image/avif, image/webp, image/apng, application/xml;q=0.9, */*;q=0.8, application/signed-exchange;v=b3;q=0.7]
2025-06-20T18:58:07.878+03:00 DEBUG 15144 --- [demo] [http-nio-8080-exec-2] o.s.web.servlet.DispatcherServlet        : Completed 200 OK
2025-06-20T19:09:05.599+03:00  INFO 15144 --- [demo] [File Watcher] rtingClassPathChangeChangedEventListener : Restarting due to 2 class path changes (0 additions, 2 deletions, 0 modifications)
2025-06-20T19:09:05.606+03:00  INFO 15144 --- [demo] [Thread-5] o.s.b.w.e.tomcat.GracefulShutdown        : Commencing graceful shutdown. Waiting for active requests to complete
2025-06-20T19:09:05.618+03:00  INFO 15144 --- [demo] [tomcat-shutdown] o.s.b.w.e.tomcat.GracefulShutdown        : Graceful shutdown complete
2025-06-20T19:09:05.626+03:00  INFO 15144 --- [demo] [Thread-5] j.LocalContainerEntityManagerFactoryBean : Closing JPA EntityManagerFactory for persistence unit 'default'
2025-06-20T19:09:05.632+03:00  INFO 15144 --- [demo] [Thread-5] com.zaxxer.hikari.HikariDataSource       : HikariPool-1 - Shutdown initiated...
2025-06-20T19:09:05.646+03:00  INFO 15144 --- [demo] [Thread-5] com.zaxxer.hikari.HikariDataSource       : HikariPool-1 - Shutdown completed.
2025-06-20T19:09:05.813+03:00  INFO 15144 --- [demo] [restartedMain] r.k.s.b.demo.DemoApplication             : Starting DemoApplication using Java 21.0.6 with PID 15144 (C:\Users\Daniil\Downloads\demo\target\classes started by Daniil in C:\Users\Daniil\Downloads\demo)
2025-06-20T19:09:05.813+03:00 DEBUG 15144 --- [demo] [restartedMain] r.k.s.b.demo.DemoApplication             : Running with Spring Boot v3.4.5, Spring v6.2.6
2025-06-20T19:09:05.814+03:00  INFO 15144 --- [demo] [restartedMain] r.k.s.b.demo.DemoApplication             : No active profile set, falling back to 1 default profile: "default"
2025-06-20T19:09:05.898+03:00  WARN 15144 --- [demo] [restartedMain] ConfigServletWebServerApplicationContext : Exception encountered during context initialization - cancelling refresh attempt: org.springframework.beans.factory.BeanDefinitionStoreException: I/O failure while processing configuration class [ru.kata.spring.boot_security.demo.service.UserServiceImpl]
2025-06-20T19:09:05.942+03:00 ERROR 15144 --- [demo] [restartedMain] o.s.boot.SpringApplication               : Application run failed

org.springframework.beans.factory.BeanDefinitionStoreException: I/O failure while processing configuration class [ru.kata.spring.boot_security.demo.service.UserServiceImpl]
	at org.springframework.context.annotation.ConfigurationClassParser.processConfigurationClass(ConfigurationClassParser.java:286) ~[spring-context-6.2.6.jar:6.2.6]
	at org.springframework.context.annotation.ConfigurationClassParser.parse(ConfigurationClassParser.java:218) ~[spring-context-6.2.6.jar:6.2.6]
	at org.springframework.context.annotation.ConfigurationClassParser.doProcessConfigurationClass(ConfigurationClassParser.java:354) ~[spring-context-6.2.6.jar:6.2.6]
	at org.springframework.context.annotation.ConfigurationClassParser.processConfigurationClass(ConfigurationClassParser.java:281) ~[spring-context-6.2.6.jar:6.2.6]
	at org.springframework.context.annotation.ConfigurationClassParser.parse(ConfigurationClassParser.java:204) ~[spring-context-6.2.6.jar:6.2.6]
	at org.springframework.context.annotation.ConfigurationClassParser.parse(ConfigurationClassParser.java:172) ~[spring-context-6.2.6.jar:6.2.6]
	at org.springframework.context.annotation.ConfigurationClassPostProcessor.processConfigBeanDefinitions(ConfigurationClassPostProcessor.java:418) ~[spring-context-6.2.6.jar:6.2.6]
	at org.springframework.context.annotation.ConfigurationClassPostProcessor.postProcessBeanDefinitionRegistry(ConfigurationClassPostProcessor.java:290) ~[spring-context-6.2.6.jar:6.2.6]
	at org.springframework.context.support.PostProcessorRegistrationDelegate.invokeBeanDefinitionRegistryPostProcessors(PostProcessorRegistrationDelegate.java:349) ~[spring-context-6.2.6.jar:6.2.6]
	at org.springframework.context.support.PostProcessorRegistrationDelegate.invokeBeanFactoryPostProcessors(PostProcessorRegistrationDelegate.java:118) ~[spring-context-6.2.6.jar:6.2.6]
	at org.springframework.context.support.AbstractApplicationContext.invokeBeanFactoryPostProcessors(AbstractApplicationContext.java:791) ~[spring-context-6.2.6.jar:6.2.6]
	at org.springframework.context.support.AbstractApplicationContext.refresh(AbstractApplicationContext.java:609) ~[spring-context-6.2.6.jar:6.2.6]
	at org.springframework.boot.web.servlet.context.ServletWebServerApplicationContext.refresh(ServletWebServerApplicationContext.java:146) ~[spring-boot-3.4.5.jar:3.4.5]
	at org.springframework.boot.SpringApplication.refresh(SpringApplication.java:753) ~[spring-boot-3.4.5.jar:3.4.5]
	at org.springframework.boot.SpringApplication.refreshContext(SpringApplication.java:439) ~[spring-boot-3.4.5.jar:3.4.5]
	at org.springframework.boot.SpringApplication.run(SpringApplication.java:318) ~[spring-boot-3.4.5.jar:3.4.5]
	at org.springframework.boot.SpringApplication.run(SpringApplication.java:1362) ~[spring-boot-3.4.5.jar:3.4.5]
	at org.springframework.boot.SpringApplication.run(SpringApplication.java:1351) ~[spring-boot-3.4.5.jar:3.4.5]
	at ru.kata.spring.boot_security.demo.DemoApplication.main(DemoApplication.java:11) ~[classes/:na]
	at java.base/jdk.internal.reflect.DirectMethodHandleAccessor.invoke(DirectMethodHandleAccessor.java:103) ~[na:na]
	at java.base/java.lang.reflect.Method.invoke(Method.java:580) ~[na:na]
	at org.springframework.boot.devtools.restart.RestartLauncher.run(RestartLauncher.java:50) ~[spring-boot-devtools-3.4.5.jar:3.4.5]
Caused by: java.io.FileNotFoundException: class path resource [ru/kata/spring/boot_security/demo/service/UserService.class] cannot be opened because it does not exist
	at org.springframework.core.io.ClassPathResource.getInputStream(ClassPathResource.java:215) ~[spring-core-6.2.6.jar:6.2.6]
	at org.springframework.core.type.classreading.SimpleMetadataReader.getClassReader(SimpleMetadataReader.java:54) ~[spring-core-6.2.6.jar:6.2.6]
	at org.springframework.core.type.classreading.SimpleMetadataReader.<init>(SimpleMetadataReader.java:48) ~[spring-core-6.2.6.jar:6.2.6]
	at org.springframework.core.type.classreading.SimpleMetadataReaderFactory.getMetadataReader(SimpleMetadataReaderFactory.java:103) ~[spring-core-6.2.6.jar:6.2.6]
	at org.springframework.boot.type.classreading.ConcurrentReferenceCachingMetadataReaderFactory.createMetadataReader(ConcurrentReferenceCachingMetadataReaderFactory.java:98) ~[spring-boot-3.4.5.jar:3.4.5]
	at org.springframework.boot.type.classreading.ConcurrentReferenceCachingMetadataReaderFactory.getMetadataReader(ConcurrentReferenceCachingMetadataReaderFactory.java:85) ~[spring-boot-3.4.5.jar:3.4.5]
	at org.springframework.core.type.classreading.SimpleMetadataReaderFactory.getMetadataReader(SimpleMetadataReaderFactory.java:81) ~[spring-core-6.2.6.jar:6.2.6]
	at org.springframework.boot.type.classreading.ConcurrentReferenceCachingMetadataReaderFactory.getMetadataReader(ConcurrentReferenceCachingMetadataReaderFactory.java:75) ~[spring-boot-3.4.5.jar:3.4.5]
	at org.springframework.context.annotation.ConfigurationClassParser.asSourceClass(ConfigurationClassParser.java:711) ~[spring-context-6.2.6.jar:6.2.6]
	at org.springframework.context.annotation.ConfigurationClassParser$SourceClass.getInterfaces(ConfigurationClassParser.java:1060) ~[spring-context-6.2.6.jar:6.2.6]
	at org.springframework.context.annotation.ConfigurationClassParser.processInterfaces(ConfigurationClassParser.java:441) ~[spring-context-6.2.6.jar:6.2.6]
	at org.springframework.context.annotation.ConfigurationClassParser.doProcessConfigurationClass(ConfigurationClassParser.java:385) ~[spring-context-6.2.6.jar:6.2.6]
	at org.springframework.context.annotation.ConfigurationClassParser.processConfigurationClass(ConfigurationClassParser.java:281) ~[spring-context-6.2.6.jar:6.2.6]
	... 21 common frames omitted

2025-06-20T19:09:09.468+03:00  INFO 15144 --- [demo] [restartedMain] r.k.s.b.demo.DemoApplication             : Starting DemoApplication using Java 21.0.6 with PID 15144 (C:\Users\Daniil\Downloads\demo\target\classes started by Daniil in C:\Users\Daniil\Downloads\demo)
2025-06-20T19:09:09.468+03:00 DEBUG 15144 --- [demo] [restartedMain] r.k.s.b.demo.DemoApplication             : Running with Spring Boot v3.4.5, Spring v6.2.6
2025-06-20T19:09:09.468+03:00  INFO 15144 --- [demo] [restartedMain] r.k.s.b.demo.DemoApplication             : No active profile set, falling back to 1 default profile: "default"
2025-06-20T19:09:09.821+03:00  INFO 15144 --- [demo] [restartedMain] .s.d.r.c.RepositoryConfigurationDelegate : Bootstrapping Spring Data JPA repositories in DEFAULT mode.
2025-06-20T19:09:09.843+03:00  INFO 15144 --- [demo] [restartedMain] .s.d.r.c.RepositoryConfigurationDelegate : Finished Spring Data repository scanning in 19 ms. Found 2 JPA repository interfaces.
2025-06-20T19:09:10.032+03:00  INFO 15144 --- [demo] [restartedMain] o.s.b.w.embedded.tomcat.TomcatWebServer  : Tomcat initialized with port 8080 (http)
2025-06-20T19:09:10.035+03:00  INFO 15144 --- [demo] [restartedMain] o.apache.catalina.core.StandardService   : Starting service [Tomcat]
2025-06-20T19:09:10.035+03:00  INFO 15144 --- [demo] [restartedMain] o.apache.catalina.core.StandardEngine    : Starting Servlet engine: [Apache Tomcat/10.1.40]
2025-06-20T19:09:10.077+03:00  INFO 15144 --- [demo] [restartedMain] o.a.c.c.C.[Tomcat].[localhost].[/]       : Initializing Spring embedded WebApplicationContext
2025-06-20T19:09:10.077+03:00  INFO 15144 --- [demo] [restartedMain] w.s.c.ServletWebServerApplicationContext : Root WebApplicationContext: initialization completed in 593 ms
2025-06-20T19:09:10.173+03:00  INFO 15144 --- [demo] [restartedMain] o.hibernate.jpa.internal.util.LogHelper  : HHH000204: Processing PersistenceUnitInfo [name: default]
2025-06-20T19:09:10.179+03:00  INFO 15144 --- [demo] [restartedMain] o.h.c.internal.RegionFactoryInitiator    : HHH000026: Second-level cache disabled
2025-06-20T19:09:10.201+03:00  INFO 15144 --- [demo] [restartedMain] o.s.o.j.p.SpringPersistenceUnitInfo      : No LoadTimeWeaver setup: ignoring JPA class transformer
2025-06-20T19:09:10.201+03:00  INFO 15144 --- [demo] [restartedMain] com.zaxxer.hikari.HikariDataSource       : HikariPool-2 - Starting...
2025-06-20T19:09:10.230+03:00  INFO 15144 --- [demo] [restartedMain] com.zaxxer.hikari.pool.HikariPool        : HikariPool-2 - Added connection com.mysql.cj.jdbc.ConnectionImpl@2aa1ec63
2025-06-20T19:09:10.231+03:00  INFO 15144 --- [demo] [restartedMain] com.zaxxer.hikari.HikariDataSource       : HikariPool-2 - Start completed.
2025-06-20T19:09:10.235+03:00  INFO 15144 --- [demo] [restartedMain] org.hibernate.orm.connections.pooling    : HHH10001005: Database info:
	Database JDBC URL [Connecting through datasource 'HikariDataSource (HikariPool-2)']
	Database driver: undefined/unknown
	Database version: 8.0.41
	Autocommit mode: undefined/unknown
	Isolation level: undefined/unknown
	Minimum pool size: undefined/unknown
	Maximum pool size: undefined/unknown
2025-06-20T19:09:10.403+03:00  INFO 15144 --- [demo] [restartedMain] o.h.e.t.j.p.i.JtaPlatformInitiator       : HHH000489: No JTA platform available (set 'hibernate.transaction.jta.platform' to enable JTA platform integration)
2025-06-20T19:09:10.434+03:00  INFO 15144 --- [demo] [restartedMain] j.LocalContainerEntityManagerFactoryBean : Initialized JPA EntityManagerFactory for persistence unit 'default'
2025-06-20T19:09:10.617+03:00  WARN 15144 --- [demo] [restartedMain] JpaBaseConfiguration$JpaWebConfiguration : spring.jpa.open-in-view is enabled by default. Therefore, database queries may be performed during view rendering. Explicitly configure spring.jpa.open-in-view to disable this warning
2025-06-20T19:09:10.632+03:00  INFO 15144 --- [demo] [restartedMain] r$InitializeUserDetailsManagerConfigurer : Global AuthenticationManager configured with UserDetailsService bean with name userDetailsServiceImpl
2025-06-20T19:09:10.700+03:00 DEBUG 15144 --- [demo] [restartedMain] s.w.s.m.m.a.RequestMappingHandlerMapping : 12 mappings in 'requestMappingHandlerMapping'
2025-06-20T19:09:10.763+03:00 DEBUG 15144 --- [demo] [restartedMain] o.s.w.s.handler.SimpleUrlHandlerMapping  : Patterns [/webjars/**, /**] in 'resourceHandlerMapping'
2025-06-20T19:09:10.806+03:00 DEBUG 15144 --- [demo] [restartedMain] o.s.s.web.DefaultSecurityFilterChain     : Will secure any request with filters: DisableEncodeUrlFilter, WebAsyncManagerIntegrationFilter, SecurityContextHolderFilter, HeaderWriterFilter, LogoutFilter, UsernamePasswordAuthenticationFilter, RequestCacheAwareFilter, SecurityContextHolderAwareRequestFilter, AnonymousAuthenticationFilter, ExceptionTranslationFilter, AuthorizationFilter
2025-06-20T19:09:10.866+03:00 DEBUG 15144 --- [demo] [restartedMain] s.w.s.m.m.a.RequestMappingHandlerAdapter : ControllerAdvice beans: 0 @ModelAttribute, 0 @InitBinder, 1 RequestBodyAdvice, 1 ResponseBodyAdvice
2025-06-20T19:09:10.903+03:00 DEBUG 15144 --- [demo] [restartedMain] .m.m.a.ExceptionHandlerExceptionResolver : ControllerAdvice beans: 0 @ExceptionHandler, 1 ResponseBodyAdvice
2025-06-20T19:09:10.961+03:00  INFO 15144 --- [demo] [restartedMain] o.s.b.d.a.OptionalLiveReloadServer       : LiveReload server is running on port 35729
2025-06-20T19:09:10.983+03:00  INFO 15144 --- [demo] [restartedMain] o.s.b.w.embedded.tomcat.TomcatWebServer  : Tomcat started on port 8080 (http) with context path '/'
2025-06-20T19:09:10.984+03:00  INFO 15144 --- [demo] [restartedMain] r.k.s.b.demo.DemoApplication             : Started DemoApplication in 1.544 seconds (process running for 757.11)
2025-06-20T19:09:11.050+03:00  INFO 15144 --- [demo] [restartedMain] .ConditionEvaluationDeltaLoggingListener : Condition evaluation unchanged
